<?xml version="1.0" encoding="UTF-8"?>
<!-- Generated by org.testng.reporters.JUnitXMLReporter -->
<testsuite ignored="0" hostname="LAPTOP-DD5B7ORT" failures="0" tests="9" name="Default test" time="1.584" errors="0" timestamp="2024-09-25T16:41:55 IST">
  <testcase classname="sampletestng2.example3" name="compose" time="1.516"/>
  <testcase classname="sampletestng2.example3" name="login" time="0.002"/>
  <testcase classname="sampletestng2.example3" name="login" time="0.001"/>
  <testcase classname="sampletestng2.example3" name="login" time="0.001"/>
  <testcase classname="sampletestng2.example3" name="login" time="0.001"/>
  <testcase classname="sampletestng2.example3" name="login" time="0.0"/>
  <testcase classname="sampletestng2.example3" name="signin" time="0.003"/>
  <testcase classname="sampletestng2.example3" name="composemail" time="0.001"/>
  <testcase classname="sampletestng2.example3" name="checksentitems" time="0.0"/>
</testsuite> <!-- Default test -->
