<?xml version="1.0" encoding="UTF-8"?>
<testng-results ignored="0" total="9" passed="9" failed="0" skipped="0">
  <reporter-output>
  </reporter-output>
  <suite started-at="2024-09-25T16:41:53 IST" name="Default suite" finished-at="2024-09-25T16:41:55 IST" duration-ms="1584">
    <groups>
    </groups>
    <test started-at="2024-09-25T16:41:53 IST" name="Default test" finished-at="2024-09-25T16:41:55 IST" duration-ms="1584">
      <class name="sampletestng2.example3">
        <test-method signature="compose()[pri:0, instance:sampletestng2.example3@73e9cf30]" started-at="2024-09-25T16:41:53 IST" name="compose" finished-at="2024-09-25T16:41:55 IST" duration-ms="1516" status="PASS">
          <reporter-output>
          </reporter-output>
        </test-method> <!-- compose -->
        <test-method signature="login()[pri:0, instance:sampletestng2.example3@73e9cf30]" started-at="2024-09-25T16:41:55 IST" name="login" finished-at="2024-09-25T16:41:55 IST" duration-ms="2" status="PASS">
          <reporter-output>
          </reporter-output>
        </test-method> <!-- login -->
        <test-method signature="login()[pri:0, instance:sampletestng2.example3@73e9cf30]" started-at="2024-09-25T16:41:55 IST" name="login" finished-at="2024-09-25T16:41:55 IST" duration-ms="1" status="PASS">
          <reporter-output>
          </reporter-output>
        </test-method> <!-- login -->
        <test-method signature="login()[pri:0, instance:sampletestng2.example3@73e9cf30]" started-at="2024-09-25T16:41:55 IST" name="login" finished-at="2024-09-25T16:41:55 IST" duration-ms="1" status="PASS">
          <reporter-output>
          </reporter-output>
        </test-method> <!-- login -->
        <test-method signature="login()[pri:0, instance:sampletestng2.example3@73e9cf30]" started-at="2024-09-25T16:41:55 IST" name="login" finished-at="2024-09-25T16:41:55 IST" duration-ms="1" status="PASS">
          <reporter-output>
          </reporter-output>
        </test-method> <!-- login -->
        <test-method signature="login()[pri:0, instance:sampletestng2.example3@73e9cf30]" started-at="2024-09-25T16:41:55 IST" name="login" finished-at="2024-09-25T16:41:55 IST" duration-ms="0" status="PASS">
          <reporter-output>
          </reporter-output>
        </test-method> <!-- login -->
        <test-method signature="signin()[pri:0, instance:sampletestng2.example3@73e9cf30]" started-at="2024-09-25T16:41:55 IST" name="signin" description="here user sign before login " finished-at="2024-09-25T16:41:55 IST" duration-ms="3" status="PASS">
          <reporter-output>
          </reporter-output>
        </test-method> <!-- signin -->
        <test-method signature="composemail()[pri:1, instance:sampletestng2.example3@73e9cf30]" started-at="2024-09-25T16:41:55 IST" name="composemail" finished-at="2024-09-25T16:41:55 IST" duration-ms="1" status="PASS">
          <reporter-output>
          </reporter-output>
        </test-method> <!-- composemail -->
        <test-method signature="checksentitems()[pri:2, instance:sampletestng2.example3@73e9cf30]" started-at="2024-09-25T16:41:55 IST" name="checksentitems" finished-at="2024-09-25T16:41:55 IST" duration-ms="0" status="PASS">
          <reporter-output>
          </reporter-output>
        </test-method> <!-- checksentitems -->
      </class> <!-- sampletestng2.example3 -->
    </test> <!-- Default test -->
  </suite> <!-- Default suite -->
</testng-results>
